-----------------------------------------------------------------------------------------------
      name:  <unnamed>
       log:  C:\Users\sffra\Downloads\BSE 2025-2026\econometrics\hw6\tables\firststage.log
  log type:  text
 opened on:  13 Nov 2025, 13:32:27

. reg kidcount twin_latest agem blackm hispm othracem, robust

Linear regression                               Number of obs     =    400,169
                                                F(5, 400163)      =    2754.01
                                                Prob > F          =     0.0000
                                                R-squared         =     0.0404
                                                Root MSE          =     .79889

------------------------------------------------------------------------------
             |               Robust
    kidcount | Coefficient  std. err.      t    P>|t|     [95% conf. interval]
-------------+----------------------------------------------------------------
 twin_latest |   .3850951   .0108008    35.65   0.000     .3639259    .4062643
        agem |   .0309692   .0003467    89.33   0.000     .0302897    .0316487
      blackm |   .3236812   .0046599    69.46   0.000     .3145479    .3328146
       hispm |   .4370501   .0097859    44.66   0.000       .41787    .4562303
    othracem |   .1209274   .0084557    14.30   0.000     .1043545    .1375003
       _cons |   1.564569   .0103037   151.85   0.000     1.544374    1.584764
------------------------------------------------------------------------------

. log close
      name:  <unnamed>
       log:  C:\Users\sffra\Downloads\BSE 2025-2026\econometrics\hw6\tables\firststage.log
  log type:  text
 closed on:  13 Nov 2025, 13:32:27
-----------------------------------------------------------------------------------------------
