-----------------------------------------------------------------------------------------------
      name:  <unnamed>
       log:  C:\Users\sffra\Downloads\BSE 2025-2026\econometrics\hw6\tables\ivprobit.log
  log type:  text
 opened on:  13 Nov 2025, 13:32:27

. ivprobit workedm agem blackm hispm othracem ///
>     (kidcount = twin_latest), vce(robust)

Fitting exogenous probit model:
Iteration 0:  Log likelihood = -273933.15  
Iteration 1:  Log likelihood = -266932.81  
Iteration 2:  Log likelihood =  -266924.4  
Iteration 3:  Log likelihood =  -266924.4  

Fitting full model:
Iteration 0:  Log pseudolikelihood = -744887.07  
Iteration 1:  Log pseudolikelihood = -744887.07  

Probit model with endogenous regressors                Number of obs = 400,169
                                                       Wald chi2(5)  = 5172.18
Log pseudolikelihood = -744887.07                      Prob > chi2   =  0.0000

--------------------------------------------------------------------------------------------
                           |               Robust
                           | Coefficient  std. err.      z    P>|z|     [95% conf. interval]
---------------------------+----------------------------------------------------------------
                  kidcount |   -.071591   .0413186    -1.73   0.083    -.1525739     .009392
                      agem |   .0328902   .0015182    21.66   0.000     .0299145    .0358659
                    blackm |    .347367   .0161035    21.57   0.000     .3158046    .3789293
                     hispm |  -.0915387   .0210812    -4.34   0.000    -.1328572   -.0502203
                  othracem |   .0515407   .0131275     3.93   0.000     .0258113    .0772702
                     _cons |  -.6800457   .0640531   -10.62   0.000    -.8055874   -.5545039
---------------------------+----------------------------------------------------------------
 corr(e.kidcount,e.workedm)|  -.1310747   .0322676                     -.1937034   -.0673821
             sd(e.kidcount)|   .7988864   .0016005                      .7957557    .8020295
--------------------------------------------------------------------------------------------
Wald test of exogeneity (corr = 0): chi2(1) = 16.12       Prob > chi2 = 0.0001
Endogenous: kidcount
Exogenous:  agem blackm hispm othracem twin_latest

. log close
      name:  <unnamed>
       log:  C:\Users\sffra\Downloads\BSE 2025-2026\econometrics\hw6\tables\ivprobit.log
  log type:  text
 closed on:  13 Nov 2025, 13:32:33
-----------------------------------------------------------------------------------------------
