-----------------------------------------------------------------------------------------------
      name:  <unnamed>
       log:  C:\Users\sffra\Downloads\BSE 2025-2026\econometrics\hw6\tables\ols.log
  log type:  text
 opened on:  13 Nov 2025, 13:32:26

. reg workedm kidcount agem blackm hispm othracem, robust

Linear regression                               Number of obs     =    400,169
                                                F(5, 400163)      =    3086.78
                                                Prob > F          =     0.0000
                                                R-squared         =     0.0344
                                                Root MSE          =      .4871

------------------------------------------------------------------------------
             |               Robust
     workedm | Coefficient  std. err.      t    P>|t|     [95% conf. interval]
-------------+----------------------------------------------------------------
    kidcount |  -.0910744    .000951   -95.77   0.000    -.0929382   -.0892105
        agem |   .0146906   .0002209    66.50   0.000     .0142576    .0151236
      blackm |   .1506704   .0022648    66.53   0.000     .1462314    .1551093
       hispm |   -.008305   .0045639    -1.82   0.069    -.0172501    .0006402
    othracem |   .0275062   .0046564     5.91   0.000     .0183798    .0366326
       _cons |    .337658   .0069179    48.81   0.000     .3240992    .3512168
------------------------------------------------------------------------------

. log close
      name:  <unnamed>
       log:  C:\Users\sffra\Downloads\BSE 2025-2026\econometrics\hw6\tables\ols.log
  log type:  text
 closed on:  13 Nov 2025, 13:32:26
-----------------------------------------------------------------------------------------------
