-----------------------------------------------------------------------------------------------
      name:  <unnamed>
       log:  C:\Users\sffra\Downloads\BSE 2025-2026\econometrics\hw6\tables\probit.log
  log type:  text
 opened on:  13 Nov 2025, 13:32:26

. probit workedm kidcount agem blackm hispm othracem

Iteration 0:  Log likelihood = -273933.15  
Iteration 1:  Log likelihood = -266940.83  
Iteration 2:  Log likelihood = -266932.47  
Iteration 3:  Log likelihood = -266932.47  

Probit regression                                     Number of obs =  400,169
                                                      LR chi2(5)    = 14001.37
                                                      Prob > chi2   =   0.0000
Log likelihood = -266932.47                           Pseudo R2     =   0.0256

------------------------------------------------------------------------------
     workedm | Coefficient  Std. err.      z    P>|z|     [95% conf. interval]
-------------+----------------------------------------------------------------
    kidcount |  -.2370727   .0025496   -92.99   0.000    -.2420698   -.2320757
        agem |   .0382601   .0005794    66.03   0.000     .0371244    .0393957
      blackm |   .4039446   .0064219    62.90   0.000     .3913579    .4165314
       hispm |  -.0203433   .0117697    -1.73   0.084    -.0434116    .0027249
    othracem |   .0717805   .0120918     5.94   0.000      .048081      .09548
       _cons |  -.4263508   .0178661   -23.86   0.000    -.4613677   -.3913339
------------------------------------------------------------------------------

. log close
      name:  <unnamed>
       log:  C:\Users\sffra\Downloads\BSE 2025-2026\econometrics\hw6\tables\probit.log
  log type:  text
 closed on:  13 Nov 2025, 13:32:27
-----------------------------------------------------------------------------------------------
